<?xml version="1.0" encoding="UTF-8"?>
<testng-results ignored="0" total="9" passed="9" failed="0" skipped="0">
  <reporter-output>
  </reporter-output>
  <suite started-at="2022-09-03T08:55:13Z" name="FREE CRM Application Test Automation Test Suite" finished-at="2022-09-03T08:57:03Z" duration-ms="110069">
    <groups>
    </groups>
    <test started-at="2022-09-03T08:55:13Z" name="Free CRM App Test Cases" finished-at="2022-09-03T08:57:03Z" duration-ms="110069">
      <class name="com.crm.qa.testcases.HomePageTest">
        <test-method is-config="true" signature="setUp()[pri:0, instance:com.crm.qa.testcases.HomePageTest@76ed1b7c]" started-at="2022-09-03T08:55:21Z" name="setUp" finished-at="2022-09-03T08:55:34Z" duration-ms="12552" status="PASS">
          <reporter-output>
          </reporter-output>
        </test-method> <!-- setUp -->
        <test-method signature="verifyHomePageTitleTest()[pri:1, instance:com.crm.qa.testcases.HomePageTest@76ed1b7c]" started-at="2022-09-03T08:55:34Z" name="verifyHomePageTitleTest" finished-at="2022-09-03T08:55:34Z" duration-ms="6" status="PASS">
          <reporter-output>
          </reporter-output>
        </test-method> <!-- verifyHomePageTitleTest -->
        <test-method is-config="true" signature="tearDown()[pri:0, instance:com.crm.qa.testcases.HomePageTest@76ed1b7c]" started-at="2022-09-03T08:55:34Z" name="tearDown" finished-at="2022-09-03T08:55:35Z" duration-ms="713" status="PASS">
          <reporter-output>
          </reporter-output>
        </test-method> <!-- tearDown -->
        <test-method is-config="true" signature="setUp()[pri:0, instance:com.crm.qa.testcases.HomePageTest@76ed1b7c]" started-at="2022-09-03T08:55:55Z" name="setUp" finished-at="2022-09-03T08:56:08Z" duration-ms="12833" status="PASS">
          <reporter-output>
          </reporter-output>
        </test-method> <!-- setUp -->
        <test-method signature="verifyUserNameTest()[pri:2, instance:com.crm.qa.testcases.HomePageTest@76ed1b7c]" started-at="2022-09-03T08:56:08Z" name="verifyUserNameTest" finished-at="2022-09-03T08:56:08Z" duration-ms="129" status="PASS">
          <reporter-output>
          </reporter-output>
        </test-method> <!-- verifyUserNameTest -->
        <test-method is-config="true" signature="tearDown()[pri:0, instance:com.crm.qa.testcases.HomePageTest@76ed1b7c]" started-at="2022-09-03T08:56:08Z" name="tearDown" finished-at="2022-09-03T08:56:09Z" duration-ms="708" status="PASS">
          <reporter-output>
          </reporter-output>
        </test-method> <!-- tearDown -->
        <test-method is-config="true" signature="setUp()[pri:0, instance:com.crm.qa.testcases.HomePageTest@76ed1b7c]" started-at="2022-09-03T08:56:35Z" name="setUp" finished-at="2022-09-03T08:56:47Z" duration-ms="11353" status="PASS">
          <reporter-output>
          </reporter-output>
        </test-method> <!-- setUp -->
        <test-method signature="verifyContactsLinkTest()[pri:3, instance:com.crm.qa.testcases.HomePageTest@76ed1b7c]" started-at="2022-09-03T08:56:47Z" name="verifyContactsLinkTest" finished-at="2022-09-03T08:56:48Z" duration-ms="1258" status="PASS">
          <reporter-output>
          </reporter-output>
        </test-method> <!-- verifyContactsLinkTest -->
        <test-method is-config="true" signature="tearDown()[pri:0, instance:com.crm.qa.testcases.HomePageTest@76ed1b7c]" started-at="2022-09-03T08:56:48Z" name="tearDown" finished-at="2022-09-03T08:56:49Z" duration-ms="1149" status="PASS">
          <reporter-output>
          </reporter-output>
        </test-method> <!-- tearDown -->
      </class> <!-- com.crm.qa.testcases.HomePageTest -->
      <class name="com.crm.qa.testcases.ContactsPageTest">
        <test-method is-config="true" signature="setUp()[pri:0, instance:com.crm.qa.testcases.ContactsPageTest@11fc564b]" started-at="2022-09-03T08:55:35Z" name="setUp" finished-at="2022-09-03T08:55:48Z" duration-ms="13226" status="PASS">
          <reporter-output>
          </reporter-output>
        </test-method> <!-- setUp -->
        <test-method signature="verifyContactsPageLabel()[pri:1, instance:com.crm.qa.testcases.ContactsPageTest@11fc564b]" started-at="2022-09-03T08:55:48Z" name="verifyContactsPageLabel" finished-at="2022-09-03T08:55:48Z" duration-ms="68" status="PASS">
          <reporter-output>
          </reporter-output>
        </test-method> <!-- verifyContactsPageLabel -->
        <test-method is-config="true" signature="tearDown()[pri:0, instance:com.crm.qa.testcases.ContactsPageTest@11fc564b]" started-at="2022-09-03T08:55:48Z" name="tearDown" finished-at="2022-09-03T08:55:49Z" duration-ms="727" status="PASS">
          <reporter-output>
          </reporter-output>
        </test-method> <!-- tearDown -->
        <test-method is-config="true" signature="setUp()[pri:0, instance:com.crm.qa.testcases.ContactsPageTest@11fc564b]" started-at="2022-09-03T08:56:09Z" name="setUp" finished-at="2022-09-03T08:56:21Z" duration-ms="11830" status="PASS">
          <reporter-output>
          </reporter-output>
        </test-method> <!-- setUp -->
        <test-method signature="selectSingleContactsTest()[pri:2, instance:com.crm.qa.testcases.ContactsPageTest@11fc564b]" started-at="2022-09-03T08:56:21Z" name="selectSingleContactsTest" finished-at="2022-09-03T08:56:22Z" duration-ms="1257" status="PASS">
          <reporter-output>
          </reporter-output>
        </test-method> <!-- selectSingleContactsTest -->
        <test-method is-config="true" signature="tearDown()[pri:0, instance:com.crm.qa.testcases.ContactsPageTest@11fc564b]" started-at="2022-09-03T08:56:22Z" name="tearDown" finished-at="2022-09-03T08:56:23Z" duration-ms="705" status="PASS">
          <reporter-output>
          </reporter-output>
        </test-method> <!-- tearDown -->
        <test-method is-config="true" signature="setUp()[pri:0, instance:com.crm.qa.testcases.ContactsPageTest@11fc564b]" started-at="2022-09-03T08:56:49Z" name="setUp" finished-at="2022-09-03T08:57:01Z" duration-ms="12008" status="PASS">
          <reporter-output>
          </reporter-output>
        </test-method> <!-- setUp -->
        <test-method signature="selectMultipleContactsTest()[pri:3, instance:com.crm.qa.testcases.ContactsPageTest@11fc564b]" started-at="2022-09-03T08:57:01Z" name="selectMultipleContactsTest" finished-at="2022-09-03T08:57:03Z" duration-ms="1320" status="PASS">
          <reporter-output>
          </reporter-output>
        </test-method> <!-- selectMultipleContactsTest -->
        <test-method is-config="true" signature="tearDown()[pri:0, instance:com.crm.qa.testcases.ContactsPageTest@11fc564b]" started-at="2022-09-03T08:57:03Z" name="tearDown" finished-at="2022-09-03T08:57:03Z" duration-ms="701" status="PASS">
          <reporter-output>
          </reporter-output>
        </test-method> <!-- tearDown -->
      </class> <!-- com.crm.qa.testcases.ContactsPageTest -->
      <class name="com.crm.qa.testcases.LoginPageTest">
        <test-method is-config="true" signature="setUp()[pri:0, instance:com.crm.qa.testcases.LoginPageTest@68567e20]" started-at="2022-09-03T08:55:13Z" name="setUp" finished-at="2022-09-03T08:55:21Z" duration-ms="7334" status="PASS">
          <reporter-output>
          </reporter-output>
        </test-method> <!-- setUp -->
        <test-method signature="loginPageTitleTest()[pri:1, instance:com.crm.qa.testcases.LoginPageTest@68567e20]" started-at="2022-09-03T08:55:21Z" name="loginPageTitleTest" finished-at="2022-09-03T08:55:21Z" duration-ms="28" status="PASS">
          <reporter-output>
          </reporter-output>
        </test-method> <!-- loginPageTitleTest -->
        <test-method is-config="true" signature="tearDown()[pri:0, instance:com.crm.qa.testcases.LoginPageTest@68567e20]" started-at="2022-09-03T08:55:21Z" name="tearDown" finished-at="2022-09-03T08:55:21Z" duration-ms="717" status="PASS">
          <reporter-output>
          </reporter-output>
        </test-method> <!-- tearDown -->
        <test-method is-config="true" signature="setUp()[pri:0, instance:com.crm.qa.testcases.LoginPageTest@68567e20]" started-at="2022-09-03T08:55:49Z" name="setUp" finished-at="2022-09-03T08:55:55Z" duration-ms="5962" status="PASS">
          <reporter-output>
          </reporter-output>
        </test-method> <!-- setUp -->
        <test-method signature="crmLogoImageTest()[pri:2, instance:com.crm.qa.testcases.LoginPageTest@68567e20]" started-at="2022-09-03T08:55:55Z" name="crmLogoImageTest" finished-at="2022-09-03T08:55:55Z" duration-ms="103" status="PASS">
          <reporter-output>
          </reporter-output>
        </test-method> <!-- crmLogoImageTest -->
        <test-method is-config="true" signature="tearDown()[pri:0, instance:com.crm.qa.testcases.LoginPageTest@68567e20]" started-at="2022-09-03T08:55:55Z" name="tearDown" finished-at="2022-09-03T08:55:55Z" duration-ms="758" status="PASS">
          <reporter-output>
          </reporter-output>
        </test-method> <!-- tearDown -->
        <test-method is-config="true" signature="setUp()[pri:0, instance:com.crm.qa.testcases.LoginPageTest@68567e20]" started-at="2022-09-03T08:56:23Z" name="setUp" finished-at="2022-09-03T08:56:29Z" duration-ms="6212" status="PASS">
          <reporter-output>
          </reporter-output>
        </test-method> <!-- setUp -->
        <test-method signature="loginTest()[pri:3, instance:com.crm.qa.testcases.LoginPageTest@68567e20]" started-at="2022-09-03T08:56:29Z" name="loginTest" finished-at="2022-09-03T08:56:35Z" duration-ms="5673" status="PASS">
          <reporter-output>
          </reporter-output>
        </test-method> <!-- loginTest -->
        <test-method is-config="true" signature="tearDown()[pri:0, instance:com.crm.qa.testcases.LoginPageTest@68567e20]" started-at="2022-09-03T08:56:35Z" name="tearDown" finished-at="2022-09-03T08:56:35Z" duration-ms="704" status="PASS">
          <reporter-output>
          </reporter-output>
        </test-method> <!-- tearDown -->
      </class> <!-- com.crm.qa.testcases.LoginPageTest -->
    </test> <!-- Free CRM App Test Cases -->
  </suite> <!-- FREE CRM Application Test Automation Test Suite -->
</testng-results>
