<?xml version="1.0" encoding="UTF-8"?>
<testsuite xmlns:xsi="http://www.w3.org/2001/XMLSchema-instance" xsi:noNamespaceSchemaLocation="https://maven.apache.org/surefire/maven-surefire-plugin/xsd/surefire-test-report-3.0.xsd" version="3.0" name="TestSuite" time="40.899" tests="3" errors="0" skipped="0" failures="0">
  <properties>
[...]
</properties>
  <testcase name="loginPageVerify[chrome](1)" classname="com.crm.qa.testcases.LoginPageTest" time="0.008">
    <system-out><![CDATA[Before navigating to: 'https://classic.crmpro.com/index.html'
Navigated to:'https://classic.crmpro.com/index.html'
parameter value :chrome
chrome running 
]]></system-out>
    <system-err><![CDATA[Starting ChromeDriver 105.0.5195.52 (412c95e518836d8a7d97250d62b29c2ae6a26a85-refs/branch-heads/5195@{#853}) on port 48179
Only local connections are allowed.
Please see https://chromedriver.chromium.org/security-considerations for suggestions on keeping ChromeDriver safe.
ChromeDriver was started successfully.
[1667363473.019][WARNING]: This version of ChromeDriver has not been tested with Chrome version 106.
Nov 02, 2022 10:01:13 AM org.openqa.selenium.remote.ProtocolHandshake createSession
INFO: Detected dialect: W3C
]]></system-err>
  </testcase>
  <testcase name="verifyHomePageTitleTest" classname="com.crm.qa.testcases.HomePageTest" time="0.016">
    <system-out><![CDATA[Before navigating to: 'https://classic.crmpro.com/index.html'
Navigated to:'https://classic.crmpro.com/index.html'
Trying to find Element By : By.name: username
Found Element By : By.name: username
Trying to find Element By : By.name: password
Found Element By : By.name: password
Trying to find Element By : By.xpath: //input[@type='submit']
Found Element By : By.xpath: //input[@type='submit']
]]></system-out>
    <system-err><![CDATA[Starting ChromeDriver 105.0.5195.52 (412c95e518836d8a7d97250d62b29c2ae6a26a85-refs/branch-heads/5195@{#853}) on port 25868
Only local connections are allowed.
Please see https://chromedriver.chromium.org/security-considerations for suggestions on keeping ChromeDriver safe.
ChromeDriver was started successfully.
[1667363480.404][WARNING]: This version of ChromeDriver has not been tested with Chrome version 106.
Nov 02, 2022 10:01:20 AM org.openqa.selenium.remote.ProtocolHandshake createSession
INFO: Detected dialect: W3C
]]></system-err>
  </testcase>
  <testcase name="verifyContactsPageLabel" classname="com.crm.qa.testcases.ContactsPageTest" time="0.063">
    <system-out><![CDATA[Before navigating to: 'https://classic.crmpro.com/index.html'
Navigated to:'https://classic.crmpro.com/index.html'
Trying to find Element By : By.name: username
Found Element By : By.name: username
Trying to find Element By : By.name: password
Found Element By : By.name: password
Trying to find Element By : By.xpath: //input[@type='submit']
Found Element By : By.xpath: //input[@type='submit']
Trying to find Element By : By.xpath: //frame[@name='mainpanel']
Found Element By : By.xpath: //frame[@name='mainpanel']
Trying to find Element By : By.xpath: //a[contains(text(),'Contacts')]
Found Element By : By.xpath: //a[contains(text(),'Contacts')]
]]></system-out>
    <system-err><![CDATA[Starting ChromeDriver 105.0.5195.52 (412c95e518836d8a7d97250d62b29c2ae6a26a85-refs/branch-heads/5195@{#853}) on port 31679
Only local connections are allowed.
Please see https://chromedriver.chromium.org/security-considerations for suggestions on keeping ChromeDriver safe.
ChromeDriver was started successfully.
[1667363497.731][WARNING]: This version of ChromeDriver has not been tested with Chrome version 106.
Nov 02, 2022 10:01:37 AM org.openqa.selenium.remote.ProtocolHandshake createSession
INFO: Detected dialect: W3C
]]></system-err>
  </testcase>
</testsuite>