<?xml version="1.0" encoding="UTF-8"?>
<testng-results ignored="0" total="3" passed="3" failed="0" skipped="0">
  <reporter-output>
  </reporter-output>
  <suite started-at="2022-09-06T09:33:18Z" name="Default suite" finished-at="2022-09-06T09:34:04Z" duration-ms="45581">
    <groups>
    </groups>
    <test started-at="2022-09-06T09:33:18Z" name="Default test" finished-at="2022-09-06T09:34:04Z" duration-ms="45581">
      <class name="com.crm.qa.testcases.ContactsPageTest">
        <test-method is-config="true" signature="setUp()[pri:0, instance:com.crm.qa.testcases.ContactsPageTest@418c5a9c]" started-at="2022-09-06T09:33:18Z" name="setUp" finished-at="2022-09-06T09:33:34Z" duration-ms="15291" status="PASS">
          <reporter-output>
          </reporter-output>
        </test-method> <!-- setUp -->
        <test-method signature="verifyContactsPageLabel()[pri:1, instance:com.crm.qa.testcases.ContactsPageTest@418c5a9c]" started-at="2022-09-06T09:33:34Z" name="verifyContactsPageLabel" finished-at="2022-09-06T09:33:34Z" duration-ms="72" status="PASS">
          <reporter-output>
          </reporter-output>
        </test-method> <!-- verifyContactsPageLabel -->
        <test-method is-config="true" signature="tearDown()[pri:0, instance:com.crm.qa.testcases.ContactsPageTest@418c5a9c]" started-at="2022-09-06T09:33:34Z" name="tearDown" finished-at="2022-09-06T09:33:34Z" duration-ms="662" status="PASS">
          <reporter-output>
          </reporter-output>
        </test-method> <!-- tearDown -->
        <test-method is-config="true" signature="setUp()[pri:0, instance:com.crm.qa.testcases.ContactsPageTest@418c5a9c]" started-at="2022-09-06T09:33:34Z" name="setUp" finished-at="2022-09-06T09:33:47Z" duration-ms="12635" status="PASS">
          <reporter-output>
          </reporter-output>
        </test-method> <!-- setUp -->
        <test-method signature="selectSingleContactsTest()[pri:2, instance:com.crm.qa.testcases.ContactsPageTest@418c5a9c]" started-at="2022-09-06T09:33:47Z" name="selectSingleContactsTest" finished-at="2022-09-06T09:33:48Z" duration-ms="1447" status="PASS">
          <reporter-output>
          </reporter-output>
        </test-method> <!-- selectSingleContactsTest -->
        <test-method is-config="true" signature="tearDown()[pri:0, instance:com.crm.qa.testcases.ContactsPageTest@418c5a9c]" started-at="2022-09-06T09:33:48Z" name="tearDown" finished-at="2022-09-06T09:33:49Z" duration-ms="712" status="PASS">
          <reporter-output>
          </reporter-output>
        </test-method> <!-- tearDown -->
        <test-method is-config="true" signature="setUp()[pri:0, instance:com.crm.qa.testcases.ContactsPageTest@418c5a9c]" started-at="2022-09-06T09:33:49Z" name="setUp" finished-at="2022-09-06T09:34:02Z" duration-ms="12772" status="PASS">
          <reporter-output>
          </reporter-output>
        </test-method> <!-- setUp -->
        <test-method signature="selectMultipleContactsTest()[pri:3, instance:com.crm.qa.testcases.ContactsPageTest@418c5a9c]" started-at="2022-09-06T09:34:02Z" name="selectMultipleContactsTest" finished-at="2022-09-06T09:34:03Z" duration-ms="1273" status="PASS">
          <reporter-output>
          </reporter-output>
        </test-method> <!-- selectMultipleContactsTest -->
        <test-method is-config="true" signature="tearDown()[pri:0, instance:com.crm.qa.testcases.ContactsPageTest@418c5a9c]" started-at="2022-09-06T09:34:03Z" name="tearDown" finished-at="2022-09-06T09:34:04Z" duration-ms="684" status="PASS">
          <reporter-output>
          </reporter-output>
        </test-method> <!-- tearDown -->
      </class> <!-- com.crm.qa.testcases.ContactsPageTest -->
    </test> <!-- Default test -->
  </suite> <!-- Default suite -->
</testng-results>
