<?xml version="1.0" encoding="UTF-8"?>
<!-- Generated by org.testng.reporters.JUnitXMLReporter -->
<testsuite ignored="0" hostname="DESKTOP-IAA84AE" failures="0" tests="3" name="Free CRM App Test Cases" time="40.165" errors="0" timestamp="02 Nov 2022 04:31:51 GMT">
  <testcase classname="com.crm.qa.testcases.LoginPageTest" name="loginPageVerify" time="0.0"/>
  <testcase classname="com.crm.qa.testcases.HomePageTest" name="verifyHomePageTitleTest" time="0.016"/>
  <testcase classname="com.crm.qa.testcases.ContactsPageTest" name="verifyContactsPageLabel" time="0.063"/>
</testsuite> <!-- Free CRM App Test Cases -->
